<?xml version="1.0" encoding="UTF-8"?>
<!-- Generated by org.testng.reporters.JUnitReportReporter -->
<testsuite skipped="0" hostname="DESKTOP-INGKT9H" name="test.Test_shopify_addproduct" tests="1" failures="0" timestamp="21 Oct 2020 21:44:46 GMT" time="75.258" errors="0">
  <testcase name="login" time="75.258" classname="test.Test_shopify_addproduct"/>
</testsuite> <!-- test.Test_shopify_addproduct -->
